{"C:\\Users\\Milos Subak\\Desktop\\getting-started-with-jest\\src\\filterByTerm.js": {"path":"C:\\Users\\Milos Subak\\Desktop\\getting-started-with-jest\\src\\filterByTerm.js","statementMap":{"0":{"start":{"line":2,"column":2},"end":{"line":2,"column":61}},"1":{"start":{"line":2,"column":19},"end":{"line":2,"column":61}},"2":{"start":{"line":3,"column":2},"end":{"line":3,"column":56}},"3":{"start":{"line":3,"column":17},"end":{"line":3,"column":56}},"4":{"start":{"line":5,"column":16},"end":{"line":5,"column":43}},"5":{"start":{"line":7,"column":2},"end":{"line":9,"column":5}},"6":{"start":{"line":8,"column":4},"end":{"line":8,"column":41}},"7":{"start":{"line":12,"column":0},"end":{"line":12,"column":30}}},"fnMap":{"0":{"name":"filterByTerm","decl":{"start":{"line":1,"column":9},"end":{"line":1,"column":21}},"loc":{"start":{"line":1,"column":44},"end":{"line":10,"column":1}},"line":1},"1":{"name":"(anonymous_1)","decl":{"start":{"line":7,"column":25},"end":{"line":7,"column":26}},"loc":{"start":{"line":7,"column":49},"end":{"line":9,"column":3}},"line":7}},"branchMap":{"0":{"loc":{"start":{"line":2,"column":2},"end":{"line":2,"column":61}},"type":"if","locations":[{"start":{"line":2,"column":2},"end":{"line":2,"column":61}},{"start":{"line":2,"column":2},"end":{"line":2,"column":61}}],"line":2},"1":{"loc":{"start":{"line":3,"column":2},"end":{"line":3,"column":56}},"type":"if","locations":[{"start":{"line":3,"column":2},"end":{"line":3,"column":56}},{"start":{"line":3,"column":2},"end":{"line":3,"column":56}}],"line":3}},"s":{"0":2,"1":0,"2":2,"3":0,"4":2,"5":2,"6":6,"7":1},"f":{"0":2,"1":6},"b":{"0":[0,2],"1":[0,2]},"_coverageSchema":"1a1c01bbd47fc00a2c39e90264f33305004495a9","hash":"2cf6d10da3d9bf5c67ea309a56c48855c7afebb5"}
}
